#
# A fatal error has been detected by the Java Runtime Environment:
#
#  SIGSEGV (0xb) at pc=0x000000010ebf1825, pid=6520, tid=9987
#
# JRE version: Java(TM) SE Runtime Environment (7.0_67-b01) (build 1.7.0_67-b01)
# Java VM: Java HotSpot(TM) 64-Bit Server VM (24.65-b04 mixed mode bsd-amd64 compressed oops)
# Problematic frame:
# V  [libjvm.dylib+0x1f1825]
#
# Failed to write core dump. Core dumps have been disabled. To enable core dumping, try "ulimit -c unlimited" before starting Java again
#
# If you would like to submit a bug report, please visit:
#   http://bugreport.sun.com/bugreport/crash.jsp
#

---------------  T H R E A D  ---------------

Current thread (0x00007f831b80f800):  GCTaskThread [stack: 0x0000000112acf000,0x0000000112bcf000] [id=9987]

siginfo:si_signo=SIGSEGV: si_errno=0, si_code=0 (SEGV0), si_addr=0x0000000000000000

Registers:
RAX=0x702f6d6f63150001, RBX=0xfde80a41f8000181, RCX=0x0000000000000003, RDX=0x0000000000000001
RSP=0x0000000112bcebd0, RBP=0x0000000112bcebd0, RSI=0x00000007ef405250, RDI=0x00000007eeb005a0
R8 =0x000000000000000c, R9 =0x0000000000000001, R10=0x0000000003e06301, R11=0xffffffffff56e5f8
R12=0x000000010f214348, R13=0x00000007eeb7383d, R14=0x00007f831a6170f0, R15=0x00007f831a617190
RIP=0x000000010ebf1825, EFLAGS=0x0000000000010202, ERR=0x0000000000000000
  TRAPNO=0x000000000000000d

Top of Stack: (sp=0x0000000112bcebd0)
0x0000000112bcebd0:   0000000112bcec40 000000010ee5b7d1
0x0000000112bcebe0:   00007f831a60b168 00000007ef405250
0x0000000112bcebf0:   00000007eeb70000 0000000000001000
0x0000000112bcec00:   0000000112bcec90 0000000000000000
0x0000000112bcec10:   0000000000000019 00000007eeb7383d
0x0000000112bcec20:   000000010f214348 00000007eeb7383d
0x0000000112bcec30:   00000007eeb7383c 00007f831a617190
0x0000000112bcec40:   0000000112bcec60 000000010ee5bbfd
0x0000000112bcec50:   00007f831a6170f0 00007f831a617158
0x0000000112bcec60:   0000000112bcecc0 000000010ee5ac59
0x0000000112bcec70:   00000007bb18b258 00000007bb18b258
0x0000000112bcec80:   00000007eeb7383d 00000007bb18b258
0x0000000112bcec90:   00007f831a6170f0 00000007c0003208
0x0000000112bceca0:   000000011264b019 00000007c0003200
0x0000000112bcecb0:   000000011264b081 0000000000000240
0x0000000112bcecc0:   0000000112bced80 000000010eb6c832
0x0000000112bcecd0:   0000000112bced60 0000000000000400
0x0000000112bcece0:   fffffffeed9aec03 0000000000000000
0x0000000112bcecf0:   00000001126513fb 000000010e84b000
0x0000000112bced00:   00000001126513fc 0000000003e00000
0x0000000112bced10:   fffffffeed9b4f7f 0000000003e063fc
0x0000000112bced20:   000000011264b080 000000011264b001
0x0000000112bced30:   00000007c0c7f730 00000007c0010000
0x0000000112bced40:   00007f831a6058b0 00007f831a6170f0
0x0000000112bced50:   00007f831a605620 00007f831a612a90
0x0000000112bced60:   0000000000000000 000000010ef7c5b6
0x0000000112bced70:   00007f831a6170f0 0000000000000001
0x0000000112bced80:   0000000112bcedb0 000000010ee5e1e7
0x0000000112bced90:   00007f8300000008 00007f831a608e40
0x0000000112bceda0:   00007f831b80f800 00007f831a612a90
0x0000000112bcedb0:   0000000112bcee90 000000010ec6ce7f
0x0000000112bcedc0:   0000000112bcedf0 00007f831a60a350 

Instructions: (pc=0x000000010ebf1825)
0x000000010ebf1805:   00 48 01 c1 48 ba ff ff ff ff 07 00 00 00 48 01
0x000000010ebf1815:   ca 48 f7 d8 48 21 d0 48 c1 e8 03 5d c3 48 8b 07
0x000000010ebf1825:   48 8b 80 a8 00 00 00 5d ff e0 90 55 48 89 e5 48
0x000000010ebf1835:   8d 05 e5 a9 61 00 80 38 00 74 15 48 8d 05 e9 7f 

Register to memory mapping:

RAX=0x702f6d6f63150001 is an unknown value
RBX=0xfde80a41f8000181 is an unknown value
RCX=0x0000000000000003 is an unknown value
RDX=0x0000000000000001 is an unknown value
RSP=0x0000000112bcebd0 is an unknown value
RBP=0x0000000112bcebd0 is an unknown value
RSI=0x00000007ef405250 is an unknown value
RDI=0x00000007eeb005a0 is an unknown value
R8 =0x000000000000000c is an unknown value
R9 =0x0000000000000001 is an unknown value
R10=0x0000000003e06301 is an unknown value
R11=0xffffffffff56e5f8 is an unknown value
R12=0x000000010f214348: _ZN2os16_processor_countE+0 in /Library/Java/JavaVirtualMachines/jdk1.7.0_67.jdk/Contents/Home/jre/lib/server/libjvm.dylib at 0x000000010ea00000
R13=0x00000007eeb7383d is an unknown value
R14=0x00007f831a6170f0 is an unknown value
R15=0x00007f831a617190 is an unknown value


Stack: [0x0000000112acf000,0x0000000112bcf000],  sp=0x0000000112bcebd0,  free space=1022k
Native frames: (J=compiled Java code, j=interpreted, Vv=VM code, C=native code)
V  [libjvm.dylib+0x1f1825]
V  [libjvm.dylib+0x45b7d1]
V  [libjvm.dylib+0x45bbfd]
V  [libjvm.dylib+0x45ac59]
V  [libjvm.dylib+0x16c832]
V  [libjvm.dylib+0x45e1e7]
V  [libjvm.dylib+0x26ce7f]
V  [libjvm.dylib+0x420772]
C  [libsystem_pthread.dylib+0x1899]  _pthread_body+0x8a
C  [libsystem_pthread.dylib+0x172a]  _pthread_struct_init+0x0
C  [libsystem_pthread.dylib+0x5fc9]  thread_start+0xd


---------------  P R O C E S S  ---------------

Java Threads: ( => current thread )
  0x00007f831b855800 JavaThread "Service Thread" daemon [_thread_blocked, id=21251, stack(0x0000000117d3b000,0x0000000117e3b000)]
  0x00007f831b853000 JavaThread "C2 CompilerThread1" daemon [_thread_blocked, id=20739, stack(0x0000000117c38000,0x0000000117d38000)]
  0x00007f831b009000 JavaThread "C2 CompilerThread0" daemon [_thread_blocked, id=20227, stack(0x0000000117b35000,0x0000000117c35000)]
  0x00007f831b00e800 JavaThread "Signal Dispatcher" daemon [_thread_blocked, id=19715, stack(0x0000000117a32000,0x0000000117b32000)]
  0x00007f831b852800 JavaThread "Finalizer" daemon [_thread_blocked, id=14595, stack(0x00000001177f0000,0x00000001178f0000)]
  0x00007f831b851800 JavaThread "Reference Handler" daemon [_thread_blocked, id=14083, stack(0x00000001176ed000,0x00000001177ed000)]
  0x00007f831b801000 JavaThread "main" [_thread_blocked, id=6403, stack(0x000000010f460000,0x000000010f560000)]

Other Threads:
  0x00007f831b84f000 VMThread [stack: 0x00000001175ea000,0x00000001176ea000] [id=13571]
  0x00007f831b854000 WatcherThread [stack: 0x0000000117e3e000,0x0000000117f3e000] [id=21763]

=>0x00007f831b80f800 (exited) GCTaskThread [stack: 0x0000000112acf000,0x0000000112bcf000] [id=9987]

VM state:at safepoint (normal execution)

VM Mutex/Monitor currently owned by a thread:  ([mutex/lock_event])
[0x00007f831a5037a0] Threads_lock - owner thread: 0x00007f831b84f000
[0x00007f831a503ca0] Heap_lock - owner thread: 0x00007f831b801000

Heap
 PSYoungGen      total 76800K, used 76785K [0x00000007eaa80000, 0x00000007f0000000, 0x0000000800000000)
  eden space 66048K, 100% used [0x00000007eaa80000,0x00000007eeb00000,0x00000007eeb00000)
  from space 10752K, 99% used [0x00000007ef580000,0x00000007efffc4e0,0x00000007f0000000)
  to   space 10752K, 99% used [0x00000007eeb00000,0x00000007ef579260,0x00000007ef580000)
 ParOldGen       total 174592K, used 14950K [0x00000007c0000000, 0x00000007caa80000, 0x00000007eaa80000)
  object space 174592K, 8% used [0x00000007c0000000,0x00000007c0e99a58,0x00000007caa80000)
 PSPermGen       total 21504K, used 7069K [0x00000007bae00000, 0x00000007bc300000, 0x00000007c0000000)
  object space 21504K, 32% used [0x00000007bae00000,0x00000007bb4e7410,0x00000007bc300000)

Card table byte_map: [0x0000000112622000,0x000000011284c000] byte_map_base: 0x000000010e84b000

Polling page: 0x000000010d9da000

Code Cache  [0x000000010f562000, 0x000000010f7d2000, 0x0000000112562000)
 total_blobs=1050 nmethods=801 adapters=203 free_code_cache=46781Kb largest_free_block=47865792

Compilation events (10 events):
Event: 2.604 Thread 0x00007f831b853000 nmethod 809 0x000000010f7ae5d0 code [0x000000010f7ae700, 0x000000010f7ae758]
Event: 2.604 Thread 0x00007f831b853000  810             com.android.dx.merge.DexMerger$4::updateIndex (50 bytes)
Event: 2.605 Thread 0x00007f831b853000 nmethod 810 0x000000010f7aa510 code [0x000000010f7aa660, 0x000000010f7aa738]
Event: 2.605 Thread 0x00007f831b853000  811             java.nio.HeapByteBuffer::get (54 bytes)
Event: 2.605 Thread 0x00007f831b009000 nmethod 806 0x000000010f7bb390 code [0x000000010f7bb520, 0x000000010f7bba58]
Event: 2.605 Thread 0x00007f831b009000  812             com.android.dx.merge.IndexMap::adjustAnnotationSet (18 bytes)
Event: 2.606 Thread 0x00007f831b853000 nmethod 811 0x000000010f7baf10 code [0x000000010f7bb060, 0x000000010f7bb218]
Event: 2.606 Thread 0x00007f831b853000  813             com.android.dx.merge.DexMerger::transformAnnotationDirectory (239 bytes)
Event: 2.608 Thread 0x00007f831b009000 nmethod 812 0x000000010f7b0c90 code [0x000000010f7b0e00, 0x000000010f7b10d8]
Event: 2.608 Thread 0x00007f831b009000  814             java.util.TimSort::binarySort (223 bytes)

GC Heap History (5 events):
Event: 1.478 GC heap before
{Heap before GC invocations=1 (full 0):
 PSYoungGen      total 76800K, used 66048K [0x00000007eaa80000, 0x00000007f0000000, 0x0000000800000000)
  eden space 66048K, 100% used [0x00000007eaa80000,0x00000007eeb00000,0x00000007eeb00000)
  from space 10752K, 0% used [0x00000007ef580000,0x00000007ef580000,0x00000007f0000000)
  to   space 10752K, 0% used [0x00000007eeb00000,0x00000007eeb00000,0x00000007ef580000)
 ParOldGen       total 174592K, used 0K [0x00000007c0000000, 0x00000007caa80000, 0x00000007eaa80000)
  object space 174592K, 0% used [0x00000007c0000000,0x00000007c0000000,0x00000007caa80000)
 PSPermGen       total 21504K, used 5214K [0x00000007bae00000, 0x00000007bc300000, 0x00000007c0000000)
  object space 21504K, 24% used [0x00000007bae00000,0x00000007bb3178c0,0x00000007bc300000)
Event: 1.487 GC heap after
Heap after GC invocations=1 (full 0):
 PSYoungGen      total 76800K, used 10720K [0x00000007eaa80000, 0x00000007f0000000, 0x0000000800000000)
  eden space 66048K, 0% used [0x00000007eaa80000,0x00000007eaa80000,0x00000007eeb00000)
  from space 10752K, 99% used [0x00000007eeb00000,0x00000007ef578028,0x00000007ef580000)
  to   space 10752K, 0% used [0x00000007ef580000,0x00000007ef580000,0x00000007f0000000)
 ParOldGen       total 174592K, used 2518K [0x00000007c0000000, 0x00000007caa80000, 0x00000007eaa80000)
  object space 174592K, 1% used [0x00000007c0000000,0x00000007c0275b80,0x00000007caa80000)
 PSPermGen       total 21504K, used 5214K [0x00000007bae00000, 0x00000007bc300000, 0x00000007c0000000)
  object space 21504K, 24% used [0x00000007bae00000,0x00000007bb3178c0,0x00000007bc300000)
}
Event: 2.334 GC heap before
{Heap before GC invocations=2 (full 0):
 PSYoungGen      total 76800K, used 76768K [0x00000007eaa80000, 0x00000007f0000000, 0x0000000800000000)
  eden space 66048K, 100% used [0x00000007eaa80000,0x00000007eeb00000,0x00000007eeb00000)
  from space 10752K, 99% used [0x00000007eeb00000,0x00000007ef578028,0x00000007ef580000)
  to   space 10752K, 0% used [0x00000007ef580000,0x00000007ef580000,0x00000007f0000000)
 ParOldGen       total 174592K, used 2518K [0x00000007c0000000, 0x00000007caa80000, 0x00000007eaa80000)
  object space 174592K, 1% used [0x00000007c0000000,0x00000007c0275b80,0x00000007caa80000)
 PSPermGen       total 21504K, used 6938K [0x00000007bae00000, 0x00000007bc300000, 0x00000007c0000000)
  object space 21504K, 32% used [0x00000007bae00000,0x00000007bb4c6870,0x00000007bc300000)
Event: 2.344 GC heap after
Heap after GC invocations=2 (full 0):
 PSYoungGen      total 76800K, used 10737K [0x00000007eaa80000, 0x00000007f0000000, 0x0000000800000000)
  eden space 66048K, 0% used [0x00000007eaa80000,0x00000007eaa80000,0x00000007eeb00000)
  from space 10752K, 99% used [0x00000007ef580000,0x00000007efffc4e0,0x00000007f0000000)
  to   space 10752K, 0% used [0x00000007eeb00000,0x00000007eeb00000,0x00000007ef580000)
 ParOldGen       total 174592K, used 12797K [0x00000007c0000000, 0x00000007caa80000, 0x00000007eaa80000)
  object space 174592K, 7% used [0x00000007c0000000,0x00000007c0c7f730,0x00000007caa80000)
 PSPermGen       total 21504K, used 6938K [0x00000007bae00000, 0x00000007bc300000, 0x00000007c0000000)
  object space 21504K, 32% used [0x00000007bae00000,0x00000007bb4c6870,0x00000007bc300000)
}
Event: 2.613 GC heap before
{Heap before GC invocations=3 (full 0):
 PSYoungGen      total 76800K, used 76785K [0x00000007eaa80000, 0x00000007f0000000, 0x0000000800000000)
  eden space 66048K, 100% used [0x00000007eaa80000,0x00000007eeb00000,0x00000007eeb00000)
  from space 10752K, 99% used [0x00000007ef580000,0x00000007efffc4e0,0x00000007f0000000)
  to   space 10752K, 0% used [0x00000007eeb00000,0x00000007eeb00000,0x00000007ef580000)
 ParOldGen       total 174592K, used 12797K [0x00000007c0000000, 0x00000007caa80000, 0x00000007eaa80000)
  object space 174592K, 7% used [0x00000007c0000000,0x00000007c0c7f730,0x00000007caa80000)
 PSPermGen       total 21504K, used 7069K [0x00000007bae00000, 0x00000007bc300000, 0x00000007c0000000)
  object space 21504K, 32% used [0x00000007bae00000,0x00000007bb4e7410,0x00000007bc300000)

Deoptimization events (10 events):
Event: 1.936 Thread 0x00007f831b801000 Uncommon trap: reason=class_check action=maybe_recompile pc=0x000000010f5fc890 method=java.util.HashMap.put(Ljava/lang/Object;Ljava/lang/Object;)Ljava/lang/Object; @ 137
Event: 1.936 Thread 0x00007f831b801000 Uncommon trap: reason=class_check action=maybe_recompile pc=0x000000010f607834 method=java.util.HashMap.<init>(IF)V @ 115
Event: 1.966 Thread 0x00007f831b801000 Uncommon trap: reason=class_check action=maybe_recompile pc=0x000000010f735f24 method=com.android.dex.Leb128.writeUnsignedLeb128(Lcom/android/dex/util/ByteOutput;I)V @ 40
Event: 1.966 Thread 0x00007f831b801000 Uncommon trap: reason=class_check action=maybe_recompile pc=0x000000010f735f24 method=com.android.dex.Leb128.writeUnsignedLeb128(Lcom/android/dex/util/ByteOutput;I)V @ 40
Event: 1.966 Thread 0x00007f831b801000 Uncommon trap: reason=class_check action=maybe_recompile pc=0x000000010f735f24 method=com.android.dex.Leb128.writeUnsignedLeb128(Lcom/android/dex/util/ByteOutput;I)V @ 40
Event: 1.966 Thread 0x00007f831b801000 Uncommon trap: reason=class_check action=maybe_recompile pc=0x000000010f735f24 method=com.android.dex.Leb128.writeUnsignedLeb128(Lcom/android/dex/util/ByteOutput;I)V @ 40
Event: 1.990 Thread 0x00007f831b801000 Uncommon trap: reason=predicate action=maybe_recompile pc=0x000000010f74ab9c method=com.android.dex.Leb128.writeUnsignedLeb128(Lcom/android/dex/util/ByteOutput;I)V @ 9
Event: 2.151 Thread 0x00007f831b801000 Uncommon trap: reason=predicate action=maybe_recompile pc=0x000000010f756c04 method=com.android.dex.Leb128.readUnsignedLeb128(Lcom/android/dex/util/ByteInput;)I @ 41
Event: 2.206 Thread 0x00007f831b801000 Uncommon trap: reason=unreached action=reinterpret pc=0x000000010f754c08 method=com.android.dx.merge.DexMerger$IdMerger.mergeSorted()V @ 261
Event: 2.516 Thread 0x00007f831b801000 Uncommon trap: reason=predicate action=maybe_recompile pc=0x000000010f79f704 method=java.util.ComparableTimSort.binarySort([Ljava/lang/Object;III)V @ 37

Internal exceptions (10 events):
Event: 2.070 Thread 0x00007f831b801000 Threw 0x00000007ed3e6690 at /HUDSON/workspace/7u-2-build-macosx-x86_64/jdk7u67/1368/hotspot/src/share/vm/prims/jvm.cpp:1244
Event: 2.070 Thread 0x00007f831b801000 Threw 0x00000007ed3eaf10 at /HUDSON/workspace/7u-2-build-macosx-x86_64/jdk7u67/1368/hotspot/src/share/vm/prims/jvm.cpp:1244
Event: 2.070 Thread 0x00007f831b801000 Threw 0x00000007ed3ef870 at /HUDSON/workspace/7u-2-build-macosx-x86_64/jdk7u67/1368/hotspot/src/share/vm/prims/jvm.cpp:1244
Event: 2.071 Thread 0x00007f831b801000 Threw 0x00000007ed3f4b80 at /HUDSON/workspace/7u-2-build-macosx-x86_64/jdk7u67/1368/hotspot/src/share/vm/prims/jvm.cpp:1244
Event: 2.071 Thread 0x00007f831b801000 Threw 0x00000007ed3f93c0 at /HUDSON/workspace/7u-2-build-macosx-x86_64/jdk7u67/1368/hotspot/src/share/vm/prims/jvm.cpp:1244
Event: 2.072 Thread 0x00007f831b801000 Threw 0x00000007ed3fde18 at /HUDSON/workspace/7u-2-build-macosx-x86_64/jdk7u67/1368/hotspot/src/share/vm/prims/jvm.cpp:1244
Event: 2.072 Thread 0x00007f831b801000 Threw 0x00000007ed402138 at /HUDSON/workspace/7u-2-build-macosx-x86_64/jdk7u67/1368/hotspot/src/share/vm/prims/jvm.cpp:1244
Event: 2.074 Thread 0x00007f831b801000 Threw 0x00000007ed44a530 at /HUDSON/workspace/7u-2-build-macosx-x86_64/jdk7u67/1368/hotspot/src/share/vm/prims/jvm.cpp:1244
Event: 2.074 Thread 0x00007f831b801000 Threw 0x00000007ed44dc90 at /HUDSON/workspace/7u-2-build-macosx-x86_64/jdk7u67/1368/hotspot/src/share/vm/prims/jvm.cpp:1244
Event: 2.302 Thread 0x00007f831b801000 Threw 0x00000007ee56a570 at /HUDSON/workspace/7u-2-build-macosx-x86_64/jdk7u67/1368/hotspot/src/share/vm/prims/jvm.cpp:1244

Events (10 events):
Event: 2.554 loading class 0x00007f831b923910 done
Event: 2.554 loading class 0x00007f831d0a7b70
Event: 2.554 loading class 0x00007f831d0a7b70 done
Event: 2.554 loading class 0x00007f831b923ac0
Event: 2.554 loading class 0x00007f831b923ac0 done
Event: 2.554 loading class 0x00007f831b923b40
Event: 2.554 loading class 0x00007f831b923b40 done
Event: 2.554 loading class 0x0000000115702290
Event: 2.554 loading class 0x0000000115702290 done
Event: 2.613 Executing VM operation: ParallelGCFailedAllocation


Dynamic libraries:
0x000000000488f000 	/System/Library/Frameworks/Cocoa.framework/Versions/A/Cocoa
0x000000000488f000 	/System/Library/Frameworks/Security.framework/Versions/A/Security
0x000000000488f000 	/System/Library/Frameworks/ApplicationServices.framework/Versions/A/ApplicationServices
0x000000000488f000 	/usr/lib/libz.1.dylib
0x000000000488f000 	/usr/lib/libSystem.B.dylib
0x000000000488f000 	/usr/lib/libobjc.A.dylib
0x000000000488f000 	/System/Library/Frameworks/CoreFoundation.framework/Versions/A/CoreFoundation
0x000000000488f000 	/System/Library/Frameworks/Foundation.framework/Versions/C/Foundation
0x000000000488f000 	/System/Library/Frameworks/AppKit.framework/Versions/C/AppKit
0x000000000488f000 	/System/Library/Frameworks/CoreData.framework/Versions/A/CoreData
0x000000000488f000 	/System/Library/PrivateFrameworks/RemoteViewServices.framework/Versions/A/RemoteViewServices
0x000000000488f000 	/System/Library/Frameworks/AudioToolbox.framework/Versions/A/AudioToolbox
0x000000000488f000 	/System/Library/Frameworks/AudioUnit.framework/Versions/A/AudioUnit
0x000000000488f000 	/System/Library/PrivateFrameworks/DataDetectorsCore.framework/Versions/A/DataDetectorsCore
0x000000000488f000 	/System/Library/PrivateFrameworks/DesktopServicesPriv.framework/Versions/A/DesktopServicesPriv
0x000000000488f000 	/System/Library/Frameworks/Carbon.framework/Versions/A/Frameworks/HIToolbox.framework/Versions/A/HIToolbox
0x000000000488f000 	/System/Library/Frameworks/QuartzCore.framework/Versions/A/QuartzCore
0x000000000488f000 	/System/Library/Frameworks/Carbon.framework/Versions/A/Frameworks/SpeechRecognition.framework/Versions/A/SpeechRecognition
0x000000000488f000 	/usr/lib/libauto.dylib
0x000000000488f000 	/usr/lib/libicucore.A.dylib
0x000000000488f000 	/usr/lib/libxml2.2.dylib
0x000000000488f000 	/System/Library/PrivateFrameworks/CoreUI.framework/Versions/A/CoreUI
0x000000000488f000 	/System/Library/Frameworks/CoreAudio.framework/Versions/A/CoreAudio
0x000000000488f000 	/System/Library/Frameworks/DiskArbitration.framework/Versions/A/DiskArbitration
0x000000000488f000 	/usr/lib/liblangid.dylib
0x000000000488f000 	/System/Library/PrivateFrameworks/MultitouchSupport.framework/Versions/A/MultitouchSupport
0x000000000488f000 	/System/Library/Frameworks/IOKit.framework/Versions/A/IOKit
0x000000000488f000 	/usr/lib/libDiagnosticMessagesClient.dylib
0x000000000488f000 	/System/Library/Frameworks/CoreServices.framework/Versions/A/CoreServices
0x000000000488f000 	/System/Library/PrivateFrameworks/PerformanceAnalysis.framework/Versions/A/PerformanceAnalysis
0x000000000488f000 	/System/Library/PrivateFrameworks/GenerationalStorage.framework/Versions/A/GenerationalStorage
0x000000000488f000 	/System/Library/Frameworks/OpenGL.framework/Versions/A/OpenGL
0x000000000488f000 	/System/Library/PrivateFrameworks/Sharing.framework/Versions/A/Sharing
0x000000000488f000 	/System/Library/Frameworks/ImageIO.framework/Versions/A/ImageIO
0x000000000488f000 	/System/Library/Frameworks/CoreText.framework/Versions/A/CoreText
0x000000000488f000 	/System/Library/Frameworks/CoreGraphics.framework/Versions/A/CoreGraphics
0x000000000488f000 	/System/Library/PrivateFrameworks/Backup.framework/Versions/A/Backup
0x000000000488f000 	/System/Library/Frameworks/CFNetwork.framework/Versions/A/CFNetwork
0x000000000488f000 	/System/Library/Frameworks/SystemConfiguration.framework/Versions/A/SystemConfiguration
0x000000000488f000 	/usr/lib/libCRFSuite.dylib
0x000000000488f000 	/usr/lib/libc++.1.dylib
0x000000000488f000 	/usr/lib/libc++abi.dylib
0x000000000488f000 	/usr/lib/system/libcache.dylib
0x000000000488f000 	/usr/lib/system/libcommonCrypto.dylib
0x000000000488f000 	/usr/lib/system/libcompiler_rt.dylib
0x000000000488f000 	/usr/lib/system/libcopyfile.dylib
0x000000000488f000 	/usr/lib/system/libcorecrypto.dylib
0x000000000488f000 	/usr/lib/system/libdispatch.dylib
0x000000000488f000 	/usr/lib/system/libdyld.dylib
0x000000000488f000 	/usr/lib/system/libkeymgr.dylib
0x000000000488f000 	/usr/lib/system/liblaunch.dylib
0x000000000488f000 	/usr/lib/system/libmacho.dylib
0x000000000488f000 	/usr/lib/system/libquarantine.dylib
0x000000000488f000 	/usr/lib/system/libremovefile.dylib
0x000000000488f000 	/usr/lib/system/libsystem_asl.dylib
0x000000000488f000 	/usr/lib/system/libsystem_blocks.dylib
0x000000000488f000 	/usr/lib/system/libsystem_c.dylib
0x000000000488f000 	/usr/lib/system/libsystem_configuration.dylib
0x000000000488f000 	/usr/lib/system/libsystem_dnssd.dylib
0x000000000488f000 	/usr/lib/system/libsystem_info.dylib
0x000000000488f000 	/usr/lib/system/libsystem_kernel.dylib
0x000000000488f000 	/usr/lib/system/libsystem_m.dylib
0x000000000488f000 	/usr/lib/system/libsystem_malloc.dylib
0x000000000488f000 	/usr/lib/system/libsystem_network.dylib
0x000000000488f000 	/usr/lib/system/libsystem_notify.dylib
0x000000000488f000 	/usr/lib/system/libsystem_platform.dylib
0x000000000488f000 	/usr/lib/system/libsystem_pthread.dylib
0x000000000488f000 	/usr/lib/system/libsystem_sandbox.dylib
0x000000000488f000 	/usr/lib/system/libsystem_stats.dylib
0x000000000488f000 	/usr/lib/system/libunc.dylib
0x000000000488f000 	/usr/lib/system/libunwind.dylib
0x000000000488f000 	/usr/lib/system/libxpc.dylib
0x000000000488f000 	/usr/lib/libbsm.0.dylib
0x000000000488f000 	/usr/lib/libsqlite3.dylib
0x000000000488f000 	/usr/lib/libxar.1.dylib
0x000000000488f000 	/usr/lib/libpam.2.dylib
0x000000000488f000 	/usr/lib/libOpenScriptingUtil.dylib
0x000000000488f000 	/usr/lib/libbz2.1.0.dylib
0x000000000488f000 	/System/Library/Frameworks/CoreServices.framework/Versions/A/Frameworks/CarbonCore.framework/Versions/A/CarbonCore
0x000000000488f000 	/System/Library/Frameworks/CoreServices.framework/Versions/A/Frameworks/Metadata.framework/Versions/A/Metadata
0x000000000488f000 	/System/Library/Frameworks/CoreServices.framework/Versions/A/Frameworks/OSServices.framework/Versions/A/OSServices
0x000000000488f000 	/System/Library/Frameworks/CoreServices.framework/Versions/A/Frameworks/SearchKit.framework/Versions/A/SearchKit
0x000000000488f000 	/System/Library/Frameworks/CoreServices.framework/Versions/A/Frameworks/AE.framework/Versions/A/AE
0x000000000488f000 	/System/Library/Frameworks/CoreServices.framework/Versions/A/Frameworks/LaunchServices.framework/Versions/A/LaunchServices
0x000000000488f000 	/System/Library/Frameworks/CoreServices.framework/Versions/A/Frameworks/DictionaryServices.framework/Versions/A/DictionaryServices
0x000000000488f000 	/System/Library/Frameworks/NetFS.framework/Versions/A/NetFS
0x000000000488f000 	/usr/lib/system/libkxld.dylib
0x000000000488f000 	/System/Library/PrivateFrameworks/NetAuth.framework/Versions/A/NetAuth
0x000000000488f000 	/System/Library/PrivateFrameworks/TCC.framework/Versions/A/TCC
0x000000000488f000 	/System/Library/Frameworks/OpenDirectory.framework/Versions/A/Frameworks/CFOpenDirectory.framework/Versions/A/CFOpenDirectory
0x000000000488f000 	/System/Library/Frameworks/ServiceManagement.framework/Versions/A/ServiceManagement
0x000000000488f000 	/usr/lib/libxslt.1.dylib
0x000000000488f000 	/System/Library/Frameworks/Carbon.framework/Versions/A/Frameworks/Ink.framework/Versions/A/Ink
0x000000000488f000 	/System/Library/Frameworks/ApplicationServices.framework/Versions/A/Frameworks/ATS.framework/Versions/A/ATS
0x000000000488f000 	/System/Library/Frameworks/ApplicationServices.framework/Versions/A/Frameworks/ColorSync.framework/Versions/A/ColorSync
0x000000000488f000 	/System/Library/Frameworks/ApplicationServices.framework/Versions/A/Frameworks/HIServices.framework/Versions/A/HIServices
0x000000000488f000 	/System/Library/Frameworks/ApplicationServices.framework/Versions/A/Frameworks/LangAnalysis.framework/Versions/A/LangAnalysis
0x000000000488f000 	/System/Library/Frameworks/ApplicationServices.framework/Versions/A/Frameworks/PrintCore.framework/Versions/A/PrintCore
0x000000000488f000 	/System/Library/Frameworks/ApplicationServices.framework/Versions/A/Frameworks/QD.framework/Versions/A/QD
0x000000000488f000 	/System/Library/Frameworks/ApplicationServices.framework/Versions/A/Frameworks/SpeechSynthesis.framework/Versions/A/SpeechSynthesis
0x000000000488f000 	/System/Library/Frameworks/IOSurface.framework/Versions/A/IOSurface
0x000000000488f000 	/System/Library/Frameworks/Accelerate.framework/Versions/A/Accelerate
0x000000000488f000 	/System/Library/Frameworks/Accelerate.framework/Versions/A/Frameworks/vImage.framework/Versions/A/vImage
0x000000000488f000 	/System/Library/Frameworks/Accelerate.framework/Versions/A/Frameworks/vecLib.framework/Versions/A/vecLib
0x000000000488f000 	/System/Library/Frameworks/Accelerate.framework/Versions/A/Frameworks/vecLib.framework/Versions/A/libvDSP.dylib
0x000000000488f000 	/System/Library/Frameworks/Accelerate.framework/Versions/A/Frameworks/vecLib.framework/Versions/A/libvMisc.dylib
0x000000000488f000 	/System/Library/Frameworks/Accelerate.framework/Versions/A/Frameworks/vecLib.framework/Versions/A/libLAPACK.dylib
0x000000000488f000 	/System/Library/Frameworks/Accelerate.framework/Versions/A/Frameworks/vecLib.framework/Versions/A/libBLAS.dylib
0x000000000488f000 	/System/Library/Frameworks/ApplicationServices.framework/Versions/A/Frameworks/ATS.framework/Versions/A/Resources/libFontParser.dylib
0x000000000488f000 	/System/Library/Frameworks/ApplicationServices.framework/Versions/A/Frameworks/ATS.framework/Versions/A/Resources/libFontRegistry.dylib
0x000000000488f000 	/System/Library/Frameworks/ImageIO.framework/Versions/A/Resources/libJPEG.dylib
0x000000000488f000 	/System/Library/Frameworks/ImageIO.framework/Versions/A/Resources/libTIFF.dylib
0x000000000488f000 	/System/Library/Frameworks/ImageIO.framework/Versions/A/Resources/libPng.dylib
0x000000000488f000 	/System/Library/Frameworks/ImageIO.framework/Versions/A/Resources/libGIF.dylib
0x000000000488f000 	/System/Library/Frameworks/ImageIO.framework/Versions/A/Resources/libJP2.dylib
0x000000000488f000 	/System/Library/Frameworks/ImageIO.framework/Versions/A/Resources/libRadiance.dylib
0x000000000488f000 	/usr/lib/libcups.2.dylib
0x000000000488f000 	/System/Library/Frameworks/Kerberos.framework/Versions/A/Kerberos
0x000000000488f000 	/System/Library/Frameworks/GSS.framework/Versions/A/GSS
0x000000000488f000 	/usr/lib/libresolv.9.dylib
0x000000000488f000 	/usr/lib/libiconv.2.dylib
0x000000000488f000 	/System/Library/PrivateFrameworks/Heimdal.framework/Versions/A/Heimdal
0x000000000488f000 	/System/Library/PrivateFrameworks/TrustEvaluationAgent.framework/Versions/A/TrustEvaluationAgent
0x000000000488f000 	/usr/lib/libheimdal-asn1.dylib
0x000000000488f000 	/System/Library/Frameworks/OpenDirectory.framework/Versions/A/OpenDirectory
0x000000000488f000 	/System/Library/PrivateFrameworks/CommonAuth.framework/Versions/A/CommonAuth
0x000000000488f000 	/System/Library/Frameworks/SecurityFoundation.framework/Versions/A/SecurityFoundation
0x000000000488f000 	/System/Library/PrivateFrameworks/Bom.framework/Versions/A/Bom
0x000000000488f000 	/System/Library/Frameworks/CoreVideo.framework/Versions/A/CoreVideo
0x000000000488f000 	/System/Library/Frameworks/QuartzCore.framework/Versions/A/Frameworks/CoreImage.framework/Versions/A/CoreImage
0x000000000488f000 	/System/Library/Frameworks/QuartzCore.framework/Versions/A/Frameworks/ScalableUserInterface.framework/Versions/A/ScalableUserInterface
0x000000000488f000 	/System/Library/Frameworks/OpenGL.framework/Versions/A/Libraries/libGLU.dylib
0x000000000488f000 	/System/Library/Frameworks/OpenGL.framework/Versions/A/Libraries/libGFXShared.dylib
0x000000000488f000 	/System/Library/Frameworks/OpenGL.framework/Versions/A/Libraries/libGL.dylib
0x000000000488f000 	/System/Library/Frameworks/OpenGL.framework/Versions/A/Libraries/libGLImage.dylib
0x000000000488f000 	/System/Library/Frameworks/OpenGL.framework/Versions/A/Libraries/libCVMSPluginSupport.dylib
0x000000000488f000 	/System/Library/Frameworks/OpenGL.framework/Versions/A/Libraries/libCoreVMClient.dylib
0x000000000488f000 	/System/Library/PrivateFrameworks/FaceCore.framework/Versions/A/FaceCore
0x000000000488f000 	/System/Library/PrivateFrameworks/CrashReporterSupport.framework/Versions/A/CrashReporterSupport
0x000000000488f000 	/System/Library/Frameworks/OpenCL.framework/Versions/A/OpenCL
0x000000000488f000 	/System/Library/PrivateFrameworks/AppleFSCompression.framework/Versions/A/AppleFSCompression
0x000000000488f000 	/System/Library/PrivateFrameworks/Ubiquity.framework/Versions/A/Ubiquity
0x000000000488f000 	/System/Library/PrivateFrameworks/IconServices.framework/Versions/A/IconServices
0x000000000488f000 	/System/Library/PrivateFrameworks/ChunkingLibrary.framework/Versions/A/ChunkingLibrary
0x000000000488f000 	/System/Library/PrivateFrameworks/CoreSymbolication.framework/Versions/A/CoreSymbolication
0x000000000488f000 	/System/Library/PrivateFrameworks/Symbolication.framework/Versions/A/Symbolication
0x000000000488f000 	/System/Library/PrivateFrameworks/DebugSymbols.framework/Versions/A/DebugSymbols
0x000000010ea00000 	/Library/Java/JavaVirtualMachines/jdk1.7.0_67.jdk/Contents/Home/jre/lib/server/libjvm.dylib
0x000000000488f000 	/usr/lib/libstdc++.6.dylib
0x000000010d99d000 	/Library/Java/JavaVirtualMachines/jdk1.7.0_67.jdk/Contents/Home/jre/lib/libverify.dylib
0x000000010d9aa000 	/Library/Java/JavaVirtualMachines/jdk1.7.0_67.jdk/Contents/Home/jre/lib/libjava.dylib
0x000000010d9e4000 	/Library/Java/JavaVirtualMachines/jdk1.7.0_67.jdk/Contents/Home/jre/lib/libzip.dylib
0x00000001178f2000 	/System/Library/Frameworks/JavaVM.framework/Frameworks/JavaRuntimeSupport.framework/JavaRuntimeSupport
0x000000011790a000 	/System/Library/Frameworks/JavaVM.framework/Versions/A/Frameworks/JavaNativeFoundation.framework/Versions/A/JavaNativeFoundation
0x000000010d9ee000 	/System/Library/Frameworks/JavaVM.framework/Versions/A/JavaVM
0x000000000488f000 	/System/Library/Frameworks/Carbon.framework/Versions/A/Carbon
0x000000011791f000 	/System/Library/PrivateFrameworks/JavaLaunching.framework/Versions/A/JavaLaunching
0x000000000488f000 	/System/Library/Frameworks/Carbon.framework/Versions/A/Frameworks/CommonPanels.framework/Versions/A/CommonPanels
0x000000000488f000 	/System/Library/Frameworks/Carbon.framework/Versions/A/Frameworks/Help.framework/Versions/A/Help
0x000000000488f000 	/System/Library/Frameworks/Carbon.framework/Versions/A/Frameworks/ImageCapture.framework/Versions/A/ImageCapture
0x000000000488f000 	/System/Library/Frameworks/Carbon.framework/Versions/A/Frameworks/OpenScripting.framework/Versions/A/OpenScripting
0x000000000488f000 	/System/Library/Frameworks/Carbon.framework/Versions/A/Frameworks/Print.framework/Versions/A/Print
0x000000000488f000 	/System/Library/Frameworks/Carbon.framework/Versions/A/Frameworks/SecurityHI.framework/Versions/A/SecurityHI
0x00000001180f7000 	/Library/Java/JavaVirtualMachines/jdk1.7.0_67.jdk/Contents/Home/jre/lib/libnio.dylib
0x000000011834c000 	/Library/Java/JavaVirtualMachines/jdk1.7.0_67.jdk/Contents/Home/jre/lib/./libnet.dylib

VM Arguments:
jvm_args: -Xmx1024M -Dfile.encoding=UTF-8 -Duser.country=US -Duser.language=en -Duser.variant 
java_command: com.android.dx.command.Main --dex --output /Users/kemo/dev/AndroidStudioProjects/RefreshReply/app/build/intermediates/dex/debug /Users/kemo/dev/AndroidStudioProjects/RefreshReply/app/build/intermediates/classes/debug /Users/kemo/dev/AndroidStudioProjects/RefreshReply/app/build/intermediates/pre-dexed/debug/classes-5201034ce8027cea129bc6e18b66e202875640aa.jar /Users/kemo/dev/AndroidStudioProjects/RefreshReply/app/build/intermediates/pre-dexed/debug/internal_impl-21.0.3-2775041c376969227eaf9114a3ef0c15870b19e6.jar /Users/kemo/dev/AndroidStudioProjects/RefreshReply/app/build/intermediates/pre-dexed/debug/support-annotations-22.0.0-bf340902b09240c6f33d9081c9fb761d22117103.jar /Users/kemo/dev/AndroidStudioProjects/RefreshReply/app/build/intermediates/pre-dexed/debug/classes-2b8452f61502c4e113fb54495e42a35273c00977.jar /Users/kemo/dev/AndroidStudioProjects/RefreshReply/app/build/intermediates/pre-dexed/debug/classes-8bbf2a1cfb048ba0cbb613ac76dd4b210c9245a4.jar /Users/kemo/dev/AndroidStudioProjects/RefreshReply/app/build/intermediates/pre-dexed/debug/classes-7752fa1c1d02c1f5dbd137450c1070dfffa01fcc.jar /Users/kemo/dev/AndroidStudioProjects/RefreshReply/app/build/intermediates/pre-dexed/debug/classes-5208b6144e3ad252feff2b6bc5f7fa0039a718c3.jar /Users/kemo/dev/AndroidStudioProjects/RefreshReply/app/build/intermediates/pre-dexed/debug/classes-0a29adad013c73a7d4244a13e45ffa8468f471e6.jar /Users/kemo/dev/AndroidStudioProjects/RefreshReply/app/build/intermediates/pre-dexed/debug/classes-c54a3531394dce12991369e3ba7004972b31b0c3.jar /Users/kemo/dev/AndroidStudioProjects/RefreshReply/app/build/intermediates/pre-dexed/debug/classes-dfd1a0ffb5c92f41472da57e9e4d3a859d153262.jar /Users/kemo/dev/AndroidStudioProjects/RefreshReply/app/build/intermediates/pre-dexed/debug/classes-d04008dd70f466b3d27b83cda2e9ced394fbc45a.jar /Users/kemo/dev/AndroidStudioProjects/RefreshReply/app/build/intermediates/pre-dexed/debug/classes-b00e577a18b5b0ec48d6851643a1ae463e6b146f.jar /Users/
Launcher Type: SUN_STANDARD

Environment Variables:
PATH=/usr/bin:/bin:/usr/sbin:/sbin
SHELL=/bin/sh
DISPLAY=/tmp/launch-hUFc20/org.macosforge.xquartz:0

Signal Handlers:
SIGSEGV: [libjvm.dylib+0x52b6c9], sa_mask[0]=0xfffefeff, sa_flags=0x00000043
SIGBUS: [libjvm.dylib+0x52b6c9], sa_mask[0]=0xfffefeff, sa_flags=0x00000042
SIGFPE: [libjvm.dylib+0x41deaa], sa_mask[0]=0xfffefeff, sa_flags=0x00000042
SIGPIPE: [libjvm.dylib+0x41deaa], sa_mask[0]=0xfffefeff, sa_flags=0x00000042
SIGXFSZ: [libjvm.dylib+0x41deaa], sa_mask[0]=0xfffefeff, sa_flags=0x00000042
SIGILL: [libjvm.dylib+0x41deaa], sa_mask[0]=0xfffefeff, sa_flags=0x00000042
SIGUSR1: SIG_DFL, sa_mask[0]=0x00000000, sa_flags=0x00000002
SIGUSR2: [libjvm.dylib+0x41d99c], sa_mask[0]=0x00000004, sa_flags=0x00000042
SIGHUP: [libjvm.dylib+0x41bc2d], sa_mask[0]=0xfffefeff, sa_flags=0x00000042
SIGINT: [libjvm.dylib+0x41bc2d], sa_mask[0]=0xfffefeff, sa_flags=0x00000042
SIGTERM: [libjvm.dylib+0x41bc2d], sa_mask[0]=0xfffefeff, sa_flags=0x00000042
SIGQUIT: [libjvm.dylib+0x41bc2d], sa_mask[0]=0xfffefeff, sa_flags=0x00000042


---------------  S Y S T E M  ---------------

OS:Bsduname:Darwin 13.4.0 Darwin Kernel Version 13.4.0: Wed Dec 17 19:05:52 PST 2014; root:xnu-2422.115.10~1/RELEASE_X86_64 x86_64
rlimit: STACK 8192k, CORE 0k, NPROC 709, NOFILE 10240, AS infinity
load average:2.38 2.49 2.42

CPU:total 8 (4 cores per cpu, 2 threads per core) family 6 model 58 stepping 9, cmov, cx8, fxsr, mmx, sse, sse2, sse3, ssse3, sse4.1, sse4.2, popcnt, avx, aes, erms, ht, tsc, tscinvbit, tscinv

Memory: 4k page, physical 16777216k(4194304k free)

/proc/meminfo:


vm_info: Java HotSpot(TM) 64-Bit Server VM (24.65-b04) for bsd-amd64 JRE (1.7.0_67-b01), built on Jul 25 2014 08:51:51 by "java_re" with gcc 4.2.1 (Based on Apple Inc. build 5658) (LLVM build 2336.11.00)

time: Sat Jun  6 23:21:53 2015
elapsed time: 2 seconds

